<?xml version="1.0" encoding="UTF-8"?>
<!-- Generated by org.testng.reporters.JUnitReportReporter -->
<testsuite hostname="manusuhas" failures="0" tests="1" name="testNG.IntegrationTest" time="0.067" errors="0" timestamp="2024-08-28T13:56:45 IST" skipped="0">
  <testcase classname="testNG.IntegrationTest" name="testFrontendDisplaysBackendData" time="0.067"/>
</testsuite> <!-- testNG.IntegrationTest -->
